2025-08-29 13:05:32,818 - INFO - Starting the data mining process.
2025-08-29 13:05:32,819 - INFO - Fetching HTML for URL: https://carbon38.com/en-in/collections/tops
2025-08-29 13:05:34,442 - INFO - Saving raw HTML to raw.html.
2025-08-29 13:05:34,458 - INFO - Parsing product links from the HTML.
2025-08-29 13:05:35,741 - INFO - Saving product links to product_links.txt.
2025-08-29 13:05:35,741 - INFO - Reading lines from file: product_links.txt
2025-08-29 13:05:35,741 - INFO - Fetching HTML for URL: https://carbon38.com/en-in/products/double-layered-melt-tank-black-white
2025-08-29 13:05:36,575 - INFO - Parsing product details from the HTML.
2025-08-29 13:05:37,187 - INFO - Fetching HTML for URL: https://carbon38.com/en-in/products/high-neck-cut-out-colorblock-tank-black-white
2025-08-29 13:05:37,959 - INFO - Parsing product details from the HTML.
2025-08-29 13:05:38,496 - INFO - Fetching HTML for URL: https://carbon38.com/en-in/products/strappy-tank-in-melt-future-dusk
2025-08-29 13:05:39,306 - INFO - Parsing product details from the HTML.
2025-08-29 13:05:39,817 - INFO - Fetching HTML for URL: https://carbon38.com/en-in/products/high-neck-cut-out-colorblock-tank-future-dusk-matcha
2025-08-29 13:05:40,562 - INFO - Parsing product details from the HTML.
2025-08-29 13:05:41,031 - INFO - Fetching HTML for URL: https://carbon38.com/en-in/products/racer-high-neck-active-tank-in-diamond-compression-cloud-dancer
2025-08-29 13:05:41,870 - INFO - Parsing product details from the HTML.
2025-08-29 13:05:42,279 - INFO - Fetching HTML for URL: https://carbon38.com/en-in/products/court-crop-top-white
2025-08-29 13:05:42,989 - INFO - Parsing product details from the HTML.
2025-08-29 13:05:43,363 - INFO - Fetching HTML for URL: https://carbon38.com/en-in/products/crochet-log-sleeve-polo-top-ivory
2025-08-29 13:05:44,611 - INFO - Parsing product details from the HTML.
2025-08-29 13:05:45,496 - INFO - Fetching HTML for URL: https://carbon38.com/en-in/products/crochet-top-white-black
2025-08-29 13:05:46,297 - INFO - Parsing product details from the HTML.
2025-08-29 13:05:46,896 - INFO - Fetching HTML for URL: https://carbon38.com/en-in/products/marion-white
2025-08-29 13:05:48,226 - INFO - Parsing product details from the HTML.
2025-08-29 13:05:48,655 - INFO - Fetching HTML for URL: https://carbon38.com/en-in/products/resort-shirt-white
2025-08-29 13:05:49,946 - INFO - Parsing product details from the HTML.
2025-08-29 13:05:50,429 - INFO - Fetching HTML for URL: https://carbon38.com/en-in/products/linen-tie-puff-sleeve-top-white
2025-08-29 13:05:51,429 - INFO - Parsing product details from the HTML.
2025-08-29 13:05:51,885 - INFO - Fetching HTML for URL: https://carbon38.com/en-in/products/callum-knit-top-creme
2025-08-29 13:05:52,902 - INFO - Parsing product details from the HTML.
2025-08-29 13:05:53,290 - INFO - Fetching HTML for URL: https://carbon38.com/en-in/products/fitted-tank-white
2025-08-29 13:05:53,898 - INFO - Parsing product details from the HTML.
2025-08-29 13:05:54,281 - INFO - Fetching HTML for URL: https://carbon38.com/en-in/products/herskind-tshirt-white-red-logo
2025-08-29 13:05:55,082 - INFO - Parsing product details from the HTML.
2025-08-29 13:05:55,521 - INFO - Fetching HTML for URL: https://carbon38.com/en-in/products/sofia-peach
2025-08-29 13:05:56,278 - INFO - Parsing product details from the HTML.
2025-08-29 13:05:56,648 - INFO - Fetching HTML for URL: https://carbon38.com/en-in/products/asmc-crop-tee-desert-sand-smc
2025-08-29 13:05:57,753 - INFO - Parsing product details from the HTML.
2025-08-29 13:05:58,217 - INFO - Fetching HTML for URL: https://carbon38.com/en-in/products/crew-sweatshirt-chinchilla
2025-08-29 13:05:59,374 - INFO - Parsing product details from the HTML.
2025-08-29 13:05:59,782 - INFO - Fetching HTML for URL: https://carbon38.com/en-in/products/colorblock-scoop-tank-chinchilla-white
2025-08-29 13:06:01,108 - INFO - Parsing product details from the HTML.
2025-08-29 13:06:01,565 - INFO - Fetching HTML for URL: https://carbon38.com/en-in/products/crochet-off-shoulder-sweater-chinhilla
2025-08-29 13:06:02,303 - INFO - Parsing product details from the HTML.
2025-08-29 13:06:02,680 - INFO - Fetching HTML for URL: https://carbon38.com/en-in/products/wildwest-style-fringe-shirt-blue
2025-08-29 13:06:03,778 - INFO - Parsing product details from the HTML.
2025-08-29 13:06:04,155 - INFO - Fetching HTML for URL: https://carbon38.com/en-in/products/chambray-vest-medium-wash
2025-08-29 13:06:05,133 - INFO - Parsing product details from the HTML.
2025-08-29 13:06:05,603 - INFO - Fetching HTML for URL: https://carbon38.com/en-in/products/top-multi-blue
2025-08-29 13:06:06,825 - INFO - Parsing product details from the HTML.
2025-08-29 13:06:07,199 - INFO - Fetching HTML for URL: https://carbon38.com/en-in/products/summer-imperfect-heart-sweater-indigo-blue-white
2025-08-29 13:06:08,210 - INFO - Parsing product details from the HTML.
2025-08-29 13:06:08,715 - INFO - Fetching HTML for URL: https://carbon38.com/en-in/products/double-layered-melt-tank-sage-white
2025-08-29 13:06:09,654 - INFO - Parsing product details from the HTML.
2025-08-29 13:06:10,071 - INFO - Fetching HTML for URL: https://carbon38.com/en-in/products/kristy-rib-tank-top-white
2025-08-29 13:06:11,449 - INFO - Parsing product details from the HTML.
2025-08-29 13:06:11,877 - INFO - Fetching HTML for URL: https://carbon38.com/en-in/products/strappy-tank-in-melt-snow-leopard
2025-08-29 13:06:13,098 - INFO - Parsing product details from the HTML.
2025-08-29 13:06:13,762 - INFO - Fetching HTML for URL: https://carbon38.com/en-in/products/short-sleeve-collared-tennis-top-white-pastel-yellow
2025-08-29 13:06:14,571 - INFO - Parsing product details from the HTML.
2025-08-29 13:06:15,230 - INFO - Fetching HTML for URL: https://carbon38.com/en-in/products/studio-knit-long-t-crop-lilac-cosmos
2025-08-29 13:06:16,463 - INFO - Parsing product details from the HTML.
2025-08-29 13:06:16,923 - INFO - Fetching HTML for URL: https://carbon38.com/en-in/products/crewneck-sweatshirt-lotus
2025-08-29 13:06:18,062 - INFO - Parsing product details from the HTML.
2025-08-29 13:06:18,476 - INFO - Fetching HTML for URL: https://carbon38.com/en-in/products/jersey-tank-lotus
2025-08-29 13:06:19,466 - INFO - Parsing product details from the HTML.
2025-08-29 13:06:20,052 - INFO - Fetching HTML for URL: https://carbon38.com/en-in/products/colorblock-scoop-tank-rose-of-sharon-white
2025-08-29 13:06:21,266 - INFO - Parsing product details from the HTML.
2025-08-29 13:06:21,675 - INFO - Fetching HTML for URL: https://carbon38.com/en-in/products/long-racerback-tank-rose-of-sharon
2025-08-29 13:06:22,927 - INFO - Parsing product details from the HTML.
2025-08-29 13:06:23,402 - INFO - Fetching HTML for URL: https://carbon38.com/en-in/products/suke-love-lines-tee-white
2025-08-29 13:06:24,272 - INFO - Parsing product details from the HTML.
2025-08-29 13:06:24,801 - INFO - Fetching HTML for URL: https://carbon38.com/en-in/products/kr-long-sleeve-striped-tee-white-red
2025-08-29 13:06:25,550 - INFO - Parsing product details from the HTML.
2025-08-29 13:06:25,999 - INFO - Fetching HTML for URL: https://carbon38.com/en-in/products/asmc-truecasuals-cropped-sportswear-sweatshirt-active-red
2025-08-29 13:06:26,937 - INFO - Parsing product details from the HTML.
2025-08-29 13:06:27,383 - INFO - Fetching HTML for URL: https://carbon38.com/en-in/products/oversized-raglan-sleeve-hooded-cropped-top-w-mesh-tiger-red
2025-08-29 13:06:28,069 - INFO - Parsing product details from the HTML.
2025-08-29 13:06:28,434 - INFO - Fetching HTML for URL: https://carbon38.com/en-in/products/asmc-two-tone-zipped-crop-black-carbon
2025-08-29 13:06:29,204 - INFO - Parsing product details from the HTML.
2025-08-29 13:06:29,647 - INFO - Fetching HTML for URL: https://carbon38.com/en-in/products/asmc-mock-neck-sleeves-black
2025-08-29 13:06:30,456 - INFO - Parsing product details from the HTML.
2025-08-29 13:06:30,890 - INFO - Fetching HTML for URL: https://carbon38.com/en-in/products/boxy-crop-tee-black
2025-08-29 13:06:31,853 - INFO - Parsing product details from the HTML.
2025-08-29 13:06:32,303 - INFO - Fetching HTML for URL: https://carbon38.com/en-in/products/asmc-sportswear-cropped-hoodie-black
2025-08-29 13:06:33,456 - INFO - Parsing product details from the HTML.
2025-08-29 13:06:33,900 - INFO - Fetching HTML for URL: https://carbon38.com/en-in/products/kr-tank-cocoa
2025-08-29 13:06:34,913 - INFO - Parsing product details from the HTML.
2025-08-29 13:06:35,297 - INFO - Fetching HTML for URL: https://carbon38.com/en-in/products/mia-stripe-shirt-brown-white
2025-08-29 13:06:36,166 - INFO - Parsing product details from the HTML.
2025-08-29 13:06:36,613 - INFO - Fetching HTML for URL: https://carbon38.com/en-in/products/strappy-tank-in-melt-caribou
2025-08-29 13:06:37,890 - INFO - Parsing product details from the HTML.
2025-08-29 13:06:38,288 - INFO - Fetching HTML for URL: https://carbon38.com/en-in/products/gabrielle-knit-cape-creme
2025-08-29 13:06:39,315 - INFO - Parsing product details from the HTML.
2025-08-29 13:06:39,782 - INFO - Fetching HTML for URL: https://carbon38.com/en-in/products/canyon-freida-knit-fringe-top-natural
2025-08-29 13:06:40,424 - INFO - Parsing product details from the HTML.
2025-08-29 13:06:40,807 - INFO - Fetching HTML for URL: https://carbon38.com/en-in/products/sleeveless-slim-fit-cropped-top-asparagus
2025-08-29 13:06:42,097 - INFO - Parsing product details from the HTML.
2025-08-29 13:06:42,554 - INFO - Fetching HTML for URL: https://carbon38.com/en-in/products/asmc-truenature-golf-polo-shirt-halo-gold
2025-08-29 13:06:43,656 - INFO - Parsing product details from the HTML.
2025-08-29 13:06:44,065 - INFO - Fetching HTML for URL: https://carbon38.com/en-in/products/ribbed-vneck-tank-lotus
2025-08-29 13:06:45,325 - INFO - Parsing product details from the HTML.
2025-08-29 13:06:45,724 - INFO - Fetching HTML for URL: https://carbon38.com/en-in/products/portobello-crochet-cardigan-green
2025-08-29 13:06:46,705 - INFO - Parsing product details from the HTML.
2025-08-29 13:06:47,166 - INFO - Fetching HTML for URL: https://carbon38.com/en-in/products/top-multicolor
2025-08-29 13:06:48,313 - INFO - Parsing product details from the HTML.
2025-08-29 13:06:48,685 - INFO - Fetching HTML for URL: https://carbon38.com/en-in/products/jersey-polo-white-with-green-trim
2025-08-29 13:06:49,661 - INFO - Parsing product details from the HTML.
2025-08-29 13:06:50,159 - INFO - Fetching HTML for URL: https://carbon38.com/en-in/products/zip-front-tank-white-with-navy-trim-and-green-zip
2025-08-29 13:06:50,828 - INFO - Parsing product details from the HTML.
2025-08-29 13:06:51,197 - INFO - Fetching HTML for URL: https://carbon38.com/en-in/products/rib-melt-vneck-tank-white
2025-08-29 13:06:52,034 - INFO - Parsing product details from the HTML.
2025-08-29 13:06:52,489 - INFO - Fetching HTML for URL: https://carbon38.com/en-in/products/strappy-tank-in-melt-white
2025-08-29 13:06:53,517 - INFO - Parsing product details from the HTML.
2025-08-29 13:06:53,906 - INFO - Fetching HTML for URL: https://carbon38.com/en-in/products/bell-sleeve-off-shoulder-sweater-cloud-dancer
2025-08-29 13:06:55,072 - INFO - Parsing product details from the HTML.
2025-08-29 13:06:55,487 - INFO - Fetching HTML for URL: https://carbon38.com/en-in/products/super-oversized-boyfriend-nk-shirt-bodysuit-snow-white
2025-08-29 13:06:56,109 - INFO - Parsing product details from the HTML.
2025-08-29 13:06:56,588 - INFO - Fetching HTML for URL: https://carbon38.com/en-in/products/tennis-sleeveless-polo-white-bittersweet
2025-08-29 13:06:57,452 - INFO - Parsing product details from the HTML.
2025-08-29 13:06:57,847 - INFO - Fetching HTML for URL: https://carbon38.com/en-in/products/i-love-la-tee-white
2025-08-29 13:06:58,610 - INFO - Parsing product details from the HTML.
2025-08-29 13:06:59,064 - INFO - Fetching HTML for URL: https://carbon38.com/en-in/products/mesh-zip-performance-polo-white-with-red-trim
2025-08-29 13:06:59,680 - INFO - Parsing product details from the HTML.
2025-08-29 13:07:00,059 - INFO - Fetching HTML for URL: https://carbon38.com/en-in/products/love-is-all-around-you-sweater-white
2025-08-29 13:07:01,028 - INFO - Parsing product details from the HTML.
2025-08-29 13:07:01,472 - INFO - Fetching HTML for URL: https://carbon38.com/en-in/products/boxy-crop-tee-white
2025-08-29 13:07:02,348 - INFO - Parsing product details from the HTML.
2025-08-29 13:07:02,733 - INFO - Fetching HTML for URL: https://carbon38.com/en-in/products/mia-stripe-positano-shirt-santorini-blue
2025-08-29 13:07:03,425 - INFO - Parsing product details from the HTML.
2025-08-29 13:07:03,792 - INFO - Fetching HTML for URL: https://carbon38.com/en-in/products/open-knit-cardigan-white
2025-08-29 13:07:04,688 - INFO - Parsing product details from the HTML.
2025-08-29 13:07:05,155 - INFO - Fetching HTML for URL: https://carbon38.com/en-in/products/open-knit-off-the-shoulder-sweater-white
2025-08-29 13:07:05,930 - INFO - Parsing product details from the HTML.
2025-08-29 13:07:06,331 - INFO - Fetching HTML for URL: https://carbon38.com/en-in/products/virginie-champagne
2025-08-29 13:07:07,283 - INFO - Parsing product details from the HTML.
2025-08-29 13:07:07,726 - INFO - Fetching HTML for URL: https://carbon38.com/en-in/products/summer-sweater-sand
2025-08-29 13:07:08,447 - INFO - Parsing product details from the HTML.
2025-08-29 13:07:08,983 - INFO - Fetching HTML for URL: https://carbon38.com/en-in/products/brushed-bardot-sweater-sand
2025-08-29 13:07:09,633 - INFO - Parsing product details from the HTML.
2025-08-29 13:07:10,065 - INFO - Fetching HTML for URL: https://carbon38.com/en-in/products/mock-neck-coreset-zip-top-caribou
2025-08-29 13:07:11,437 - INFO - Parsing product details from the HTML.
2025-08-29 13:07:12,061 - INFO - Fetching HTML for URL: https://carbon38.com/en-in/products/racer-high-neck-active-tank-in-diamond-compression-black
2025-08-29 13:07:12,921 - INFO - Parsing product details from the HTML.
2025-08-29 13:07:13,492 - INFO - Fetching HTML for URL: https://carbon38.com/en-in/products/asmc-cr-hoodie-black
2025-08-29 13:07:14,120 - INFO - Parsing product details from the HTML.
2025-08-29 13:07:14,565 - INFO - Fetching HTML for URL: https://carbon38.com/en-in/products/art-black
2025-08-29 13:07:15,658 - INFO - Parsing product details from the HTML.
2025-08-29 13:07:16,019 - INFO - Fetching HTML for URL: https://carbon38.com/en-in/products/long-sleeve-deep-v-ruffle-bodysuit-black
2025-08-29 13:07:16,757 - INFO - Parsing product details from the HTML.
2025-08-29 13:07:17,295 - INFO - Fetching HTML for URL: https://carbon38.com/en-in/products/toile-long-sleeve-top-toile-print
2025-08-29 13:07:18,458 - INFO - Parsing product details from the HTML.
2025-08-29 13:07:18,868 - INFO - Fetching HTML for URL: https://carbon38.com/en-in/products/toile-half-zip-toile-print
2025-08-29 13:07:19,970 - INFO - Parsing product details from the HTML.
2025-08-29 13:07:20,423 - INFO - Fetching HTML for URL: https://carbon38.com/en-in/products/u-cutline-hoodie-dark-blue
2025-08-29 13:07:21,434 - INFO - Parsing product details from the HTML.
2025-08-29 13:07:21,844 - INFO - Fetching HTML for URL: https://carbon38.com/en-in/products/crew-sweatshirt-navy-blazer
2025-08-29 13:07:22,946 - INFO - Parsing product details from the HTML.
2025-08-29 13:07:23,366 - INFO - Fetching HTML for URL: https://carbon38.com/en-in/products/asmc-track-top-desert-sand-smc-active-red
2025-08-29 13:07:24,280 - INFO - Parsing product details from the HTML.
2025-08-29 13:07:24,781 - INFO - Fetching HTML for URL: https://carbon38.com/en-in/products/orion-tank-top-sand
2025-08-29 13:07:25,611 - INFO - Parsing product details from the HTML.
2025-08-29 13:07:25,983 - INFO - Fetching HTML for URL: https://carbon38.com/en-in/products/oversized-raglan-sleeve-top-w-mesh-cappuccino
2025-08-29 13:07:27,210 - INFO - Parsing product details from the HTML.
2025-08-29 13:07:27,667 - INFO - Fetching HTML for URL: https://carbon38.com/en-in/products/asmc-high-neck-crop-top-bright-green-carbon
2025-08-29 13:07:28,771 - INFO - Parsing product details from the HTML.
2025-08-29 13:07:29,157 - INFO - Fetching HTML for URL: https://carbon38.com/en-in/products/t-shirt-white
2025-08-29 13:07:29,891 - INFO - Parsing product details from the HTML.
2025-08-29 13:07:30,330 - INFO - Fetching HTML for URL: https://carbon38.com/en-in/products/wide-scoop-bra-tank-white
2025-08-29 13:07:31,058 - INFO - Parsing product details from the HTML.
2025-08-29 13:07:31,546 - INFO - Fetching HTML for URL: https://carbon38.com/en-in/products/crew-sweatshirt-white
2025-08-29 13:07:32,277 - INFO - Parsing product details from the HTML.
2025-08-29 13:07:32,731 - INFO - Fetching HTML for URL: https://carbon38.com/en-in/products/open-knit-off-the-shoulder-sweater-navy
2025-08-29 13:07:33,711 - INFO - Parsing product details from the HTML.
2025-08-29 13:07:34,211 - INFO - Fetching HTML for URL: https://carbon38.com/en-in/products/bell-sleeve-off-shoulder-sweater-navy
2025-08-29 13:07:35,328 - INFO - Parsing product details from the HTML.
2025-08-29 13:07:35,773 - INFO - Fetching HTML for URL: https://carbon38.com/en-in/products/high-neck-fitted-tank-in-ribbed-jersey-navy
2025-08-29 13:07:36,864 - INFO - Parsing product details from the HTML.
2025-08-29 13:07:37,327 - INFO - Fetching HTML for URL: https://carbon38.com/en-in/products/long-sleeve-ruched-top-in-ribbed-jersey-navy
2025-08-29 13:07:38,511 - INFO - Parsing product details from the HTML.
2025-08-29 13:07:38,926 - INFO - Fetching HTML for URL: https://carbon38.com/en-in/products/cap-sleeve-ruched-top-in-ribbed-jersey-white
2025-08-29 13:07:40,329 - INFO - Parsing product details from the HTML.
2025-08-29 13:07:40,786 - INFO - Fetching HTML for URL: https://carbon38.com/en-in/products/ss-ruched-front-tee-white
2025-08-29 13:07:41,472 - INFO - Parsing product details from the HTML.
2025-08-29 13:07:41,866 - INFO - Fetching HTML for URL: https://carbon38.com/en-in/products/one-shoulder-tank-in-ribbed-jersey-white
2025-08-29 13:07:43,287 - INFO - Parsing product details from the HTML.
2025-08-29 13:07:43,833 - INFO - Fetching HTML for URL: https://carbon38.com/en-in/products/ex-boyfriend-le-sunshine-sweatshirt-white
2025-08-29 13:07:44,669 - INFO - Parsing product details from the HTML.
2025-08-29 13:07:45,045 - INFO - Fetching HTML for URL: https://carbon38.com/en-in/products/mock-neck-coreset-zip-top-white
2025-08-29 13:07:45,775 - INFO - Parsing product details from the HTML.
2025-08-29 13:07:46,153 - INFO - Fetching HTML for URL: https://carbon38.com/en-in/products/long-sleeve-wrap-top-in-ribbed-jersey-white
2025-08-29 13:07:46,811 - INFO - Parsing product details from the HTML.
2025-08-29 13:07:47,280 - INFO - Saving cleaned data to cleaned_data.txt.
2025-08-29 13:07:47,281 - INFO - Closing the session.
2025-08-29 14:04:50,369 - INFO - Starting the data mining process.
2025-08-29 14:04:50,369 - INFO - Fetching HTML for URL: https://carbon38.com/en-in/collections/tops
2025-08-29 14:04:51,955 - INFO - Saving raw HTML to raw.html.
2025-08-29 14:04:51,968 - INFO - Parsing product links from the HTML.
2025-08-29 14:04:53,108 - INFO - Saving product links to product_links.txt.
2025-08-29 14:04:53,109 - INFO - Reading lines from file: product_links.txt
2025-08-29 14:04:53,109 - INFO - Fetching HTML for URL: https://carbon38.com/en-in/products/double-layered-melt-tank-black-white
2025-08-29 14:04:53,933 - INFO - Parsing product details from the HTML.
2025-08-29 14:04:54,371 - INFO - Fetching HTML for URL: https://carbon38.com/en-in/products/high-neck-cut-out-colorblock-tank-black-white
2025-08-29 14:04:55,195 - INFO - Parsing product details from the HTML.
2025-08-29 14:04:55,678 - INFO - Fetching HTML for URL: https://carbon38.com/en-in/products/strappy-tank-in-melt-future-dusk
2025-08-29 14:04:56,857 - INFO - Parsing product details from the HTML.
2025-08-29 14:04:57,519 - INFO - Fetching HTML for URL: https://carbon38.com/en-in/products/high-neck-cut-out-colorblock-tank-future-dusk-matcha
2025-08-29 14:04:58,250 - INFO - Parsing product details from the HTML.
2025-08-29 14:04:58,707 - INFO - Fetching HTML for URL: https://carbon38.com/en-in/products/racer-high-neck-active-tank-in-diamond-compression-cloud-dancer
2025-08-29 14:04:59,937 - INFO - Parsing product details from the HTML.
2025-08-29 14:05:00,337 - INFO - Fetching HTML for URL: https://carbon38.com/en-in/products/court-crop-top-white
2025-08-29 14:05:01,041 - INFO - Parsing product details from the HTML.
2025-08-29 14:05:01,471 - INFO - Fetching HTML for URL: https://carbon38.com/en-in/products/crochet-log-sleeve-polo-top-ivory
2025-08-29 14:05:02,704 - INFO - Parsing product details from the HTML.
2025-08-29 14:05:03,402 - INFO - Fetching HTML for URL: https://carbon38.com/en-in/products/crochet-top-white-black
2025-08-29 14:05:04,673 - INFO - Parsing product details from the HTML.
2025-08-29 14:05:05,204 - INFO - Fetching HTML for URL: https://carbon38.com/en-in/products/marion-white
2025-08-29 14:05:06,019 - INFO - Parsing product details from the HTML.
2025-08-29 14:05:06,637 - INFO - Fetching HTML for URL: https://carbon38.com/en-in/products/resort-shirt-white
2025-08-29 14:05:07,555 - INFO - Parsing product details from the HTML.
2025-08-29 14:05:08,101 - INFO - Fetching HTML for URL: https://carbon38.com/en-in/products/linen-tie-puff-sleeve-top-white
2025-08-29 14:05:09,252 - INFO - Parsing product details from the HTML.
2025-08-29 14:05:09,709 - INFO - Fetching HTML for URL: https://carbon38.com/en-in/products/callum-knit-top-creme
2025-08-29 14:05:10,615 - INFO - Parsing product details from the HTML.
2025-08-29 14:05:10,995 - INFO - Fetching HTML for URL: https://carbon38.com/en-in/products/fitted-tank-white
2025-08-29 14:05:11,843 - INFO - Parsing product details from the HTML.
2025-08-29 14:05:12,269 - INFO - Fetching HTML for URL: https://carbon38.com/en-in/products/herskind-tshirt-white-red-logo
2025-08-29 14:05:13,376 - INFO - Parsing product details from the HTML.
2025-08-29 14:05:13,814 - INFO - Fetching HTML for URL: https://carbon38.com/en-in/products/sofia-peach
2025-08-29 14:05:14,600 - INFO - Parsing product details from the HTML.
2025-08-29 14:05:14,969 - INFO - Fetching HTML for URL: https://carbon38.com/en-in/products/asmc-crop-tee-desert-sand-smc
2025-08-29 14:05:16,117 - INFO - Parsing product details from the HTML.
2025-08-29 14:05:16,539 - INFO - Fetching HTML for URL: https://carbon38.com/en-in/products/crew-sweatshirt-chinchilla
2025-08-29 14:05:17,496 - INFO - Parsing product details from the HTML.
2025-08-29 14:05:17,927 - INFO - Fetching HTML for URL: https://carbon38.com/en-in/products/colorblock-scoop-tank-chinchilla-white
2025-08-29 14:05:19,205 - INFO - Parsing product details from the HTML.
2025-08-29 14:05:19,648 - INFO - Fetching HTML for URL: https://carbon38.com/en-in/products/crochet-off-shoulder-sweater-chinhilla
2025-08-29 14:05:20,368 - INFO - Parsing product details from the HTML.
2025-08-29 14:05:20,790 - INFO - Fetching HTML for URL: https://carbon38.com/en-in/products/wildwest-style-fringe-shirt-blue
2025-08-29 14:05:21,670 - INFO - Parsing product details from the HTML.
2025-08-29 14:05:22,044 - INFO - Fetching HTML for URL: https://carbon38.com/en-in/products/chambray-vest-medium-wash
2025-08-29 14:05:23,022 - INFO - Parsing product details from the HTML.
2025-08-29 14:05:23,498 - INFO - Fetching HTML for URL: https://carbon38.com/en-in/products/top-multi-blue
2025-08-29 14:05:24,137 - INFO - Parsing product details from the HTML.
2025-08-29 14:05:24,504 - INFO - Fetching HTML for URL: https://carbon38.com/en-in/products/summer-imperfect-heart-sweater-indigo-blue-white
2025-08-29 14:05:25,731 - INFO - Parsing product details from the HTML.
2025-08-29 14:05:26,160 - INFO - Fetching HTML for URL: https://carbon38.com/en-in/products/double-layered-melt-tank-sage-white
2025-08-29 14:05:26,971 - INFO - Parsing product details from the HTML.
2025-08-29 14:05:27,381 - INFO - Fetching HTML for URL: https://carbon38.com/en-in/products/kristy-rib-tank-top-white
2025-08-29 14:05:28,429 - INFO - Parsing product details from the HTML.
2025-08-29 14:05:28,862 - INFO - Fetching HTML for URL: https://carbon38.com/en-in/products/strappy-tank-in-melt-snow-leopard
2025-08-29 14:05:29,752 - INFO - Parsing product details from the HTML.
2025-08-29 14:05:30,160 - INFO - Fetching HTML for URL: https://carbon38.com/en-in/products/short-sleeve-collared-tennis-top-white-pastel-yellow
2025-08-29 14:05:30,937 - INFO - Parsing product details from the HTML.
2025-08-29 14:05:31,339 - INFO - Fetching HTML for URL: https://carbon38.com/en-in/products/studio-knit-long-t-crop-lilac-cosmos
2025-08-29 14:05:32,330 - INFO - Parsing product details from the HTML.
2025-08-29 14:05:32,793 - INFO - Fetching HTML for URL: https://carbon38.com/en-in/products/crewneck-sweatshirt-lotus
2025-08-29 14:05:33,924 - INFO - Parsing product details from the HTML.
2025-08-29 14:05:34,451 - INFO - Fetching HTML for URL: https://carbon38.com/en-in/products/jersey-tank-lotus
2025-08-29 14:05:35,447 - INFO - Parsing product details from the HTML.
2025-08-29 14:05:35,974 - INFO - Fetching HTML for URL: https://carbon38.com/en-in/products/colorblock-scoop-tank-rose-of-sharon-white
2025-08-29 14:05:37,011 - INFO - Parsing product details from the HTML.
2025-08-29 14:05:37,403 - INFO - Fetching HTML for URL: https://carbon38.com/en-in/products/long-racerback-tank-rose-of-sharon
2025-08-29 14:05:38,375 - INFO - Parsing product details from the HTML.
2025-08-29 14:05:38,869 - INFO - Fetching HTML for URL: https://carbon38.com/en-in/products/suke-love-lines-tee-white
2025-08-29 14:05:40,178 - INFO - Parsing product details from the HTML.
2025-08-29 14:05:40,648 - INFO - Fetching HTML for URL: https://carbon38.com/en-in/products/kr-long-sleeve-striped-tee-white-red
2025-08-29 14:05:41,340 - INFO - Parsing product details from the HTML.
2025-08-29 14:05:41,760 - INFO - Fetching HTML for URL: https://carbon38.com/en-in/products/asmc-truecasuals-cropped-sportswear-sweatshirt-active-red
2025-08-29 14:05:42,938 - INFO - Parsing product details from the HTML.
2025-08-29 14:05:43,381 - INFO - Fetching HTML for URL: https://carbon38.com/en-in/products/oversized-raglan-sleeve-hooded-cropped-top-w-mesh-tiger-red
2025-08-29 14:05:44,298 - INFO - Parsing product details from the HTML.
2025-08-29 14:05:44,772 - INFO - Fetching HTML for URL: https://carbon38.com/en-in/products/asmc-two-tone-zipped-crop-black-carbon
2025-08-29 14:05:45,417 - INFO - Parsing product details from the HTML.
2025-08-29 14:05:45,865 - INFO - Fetching HTML for URL: https://carbon38.com/en-in/products/asmc-mock-neck-sleeves-black
2025-08-29 14:05:47,145 - INFO - Parsing product details from the HTML.
2025-08-29 14:05:47,703 - INFO - Fetching HTML for URL: https://carbon38.com/en-in/products/boxy-crop-tee-black
2025-08-29 14:05:48,988 - INFO - Parsing product details from the HTML.
2025-08-29 14:05:49,445 - INFO - Fetching HTML for URL: https://carbon38.com/en-in/products/asmc-sportswear-cropped-hoodie-black
2025-08-29 14:05:50,632 - INFO - Parsing product details from the HTML.
2025-08-29 14:05:51,066 - INFO - Fetching HTML for URL: https://carbon38.com/en-in/products/kr-tank-cocoa
2025-08-29 14:05:51,841 - INFO - Parsing product details from the HTML.
2025-08-29 14:05:52,229 - INFO - Fetching HTML for URL: https://carbon38.com/en-in/products/mia-stripe-shirt-brown-white
2025-08-29 14:05:53,408 - INFO - Parsing product details from the HTML.
2025-08-29 14:05:53,952 - INFO - Fetching HTML for URL: https://carbon38.com/en-in/products/strappy-tank-in-melt-caribou
2025-08-29 14:05:54,751 - INFO - Parsing product details from the HTML.
2025-08-29 14:05:55,307 - INFO - Fetching HTML for URL: https://carbon38.com/en-in/products/gabrielle-knit-cape-creme
2025-08-29 14:05:56,567 - INFO - Parsing product details from the HTML.
2025-08-29 14:05:57,049 - INFO - Fetching HTML for URL: https://carbon38.com/en-in/products/canyon-freida-knit-fringe-top-natural
2025-08-29 14:05:58,336 - INFO - Parsing product details from the HTML.
2025-08-29 14:05:58,764 - INFO - Fetching HTML for URL: https://carbon38.com/en-in/products/sleeveless-slim-fit-cropped-top-asparagus
2025-08-29 14:05:59,856 - INFO - Parsing product details from the HTML.
2025-08-29 14:06:00,356 - INFO - Fetching HTML for URL: https://carbon38.com/en-in/products/asmc-truenature-golf-polo-shirt-halo-gold
2025-08-29 14:06:01,027 - INFO - Parsing product details from the HTML.
2025-08-29 14:06:01,478 - INFO - Fetching HTML for URL: https://carbon38.com/en-in/products/ribbed-vneck-tank-lotus
2025-08-29 14:06:02,632 - INFO - Parsing product details from the HTML.
2025-08-29 14:06:03,041 - INFO - Fetching HTML for URL: https://carbon38.com/en-in/products/portobello-crochet-cardigan-green
2025-08-29 14:06:03,965 - INFO - Parsing product details from the HTML.
2025-08-29 14:06:04,439 - INFO - Fetching HTML for URL: https://carbon38.com/en-in/products/top-multicolor
2025-08-29 14:06:05,577 - INFO - Parsing product details from the HTML.
2025-08-29 14:06:06,286 - INFO - Fetching HTML for URL: https://carbon38.com/en-in/products/jersey-polo-white-with-green-trim
2025-08-29 14:06:07,345 - INFO - Parsing product details from the HTML.
2025-08-29 14:06:07,780 - INFO - Fetching HTML for URL: https://carbon38.com/en-in/products/zip-front-tank-white-with-navy-trim-and-green-zip
2025-08-29 14:06:08,784 - INFO - Parsing product details from the HTML.
2025-08-29 14:06:09,186 - INFO - Fetching HTML for URL: https://carbon38.com/en-in/products/rib-melt-vneck-tank-white
2025-08-29 14:06:10,116 - INFO - Parsing product details from the HTML.
2025-08-29 14:06:10,653 - INFO - Fetching HTML for URL: https://carbon38.com/en-in/products/strappy-tank-in-melt-white
2025-08-29 14:06:11,599 - INFO - Parsing product details from the HTML.
2025-08-29 14:06:12,026 - INFO - Fetching HTML for URL: https://carbon38.com/en-in/products/bell-sleeve-off-shoulder-sweater-cloud-dancer
2025-08-29 14:06:13,178 - INFO - Parsing product details from the HTML.
2025-08-29 14:06:13,577 - INFO - Fetching HTML for URL: https://carbon38.com/en-in/products/super-oversized-boyfriend-nk-shirt-bodysuit-snow-white
2025-08-29 14:06:14,433 - INFO - Parsing product details from the HTML.
2025-08-29 14:06:15,199 - INFO - Fetching HTML for URL: https://carbon38.com/en-in/products/tennis-sleeveless-polo-white-bittersweet
2025-08-29 14:06:16,236 - INFO - Parsing product details from the HTML.
2025-08-29 14:06:16,959 - INFO - Fetching HTML for URL: https://carbon38.com/en-in/products/i-love-la-tee-white
2025-08-29 14:06:18,041 - INFO - Parsing product details from the HTML.
2025-08-29 14:06:18,507 - INFO - Fetching HTML for URL: https://carbon38.com/en-in/products/mesh-zip-performance-polo-white-with-red-trim
2025-08-29 14:06:19,473 - INFO - Parsing product details from the HTML.
2025-08-29 14:06:19,862 - INFO - Fetching HTML for URL: https://carbon38.com/en-in/products/love-is-all-around-you-sweater-white
2025-08-29 14:06:20,960 - INFO - Parsing product details from the HTML.
2025-08-29 14:06:21,542 - INFO - Fetching HTML for URL: https://carbon38.com/en-in/products/boxy-crop-tee-white
2025-08-29 14:06:22,619 - INFO - Parsing product details from the HTML.
2025-08-29 14:06:23,019 - INFO - Fetching HTML for URL: https://carbon38.com/en-in/products/mia-stripe-positano-shirt-santorini-blue
2025-08-29 14:06:23,955 - INFO - Parsing product details from the HTML.
2025-08-29 14:06:24,684 - INFO - Fetching HTML for URL: https://carbon38.com/en-in/products/open-knit-cardigan-white
2025-08-29 14:06:26,071 - INFO - Parsing product details from the HTML.
2025-08-29 14:06:26,606 - INFO - Fetching HTML for URL: https://carbon38.com/en-in/products/open-knit-off-the-shoulder-sweater-white
2025-08-29 14:06:27,639 - INFO - Parsing product details from the HTML.
2025-08-29 14:06:28,154 - INFO - Fetching HTML for URL: https://carbon38.com/en-in/products/virginie-champagne
2025-08-29 14:06:29,448 - INFO - Parsing product details from the HTML.
2025-08-29 14:06:29,898 - INFO - Fetching HTML for URL: https://carbon38.com/en-in/products/summer-sweater-sand
2025-08-29 14:06:30,602 - INFO - Parsing product details from the HTML.
2025-08-29 14:06:31,027 - INFO - Fetching HTML for URL: https://carbon38.com/en-in/products/brushed-bardot-sweater-sand
2025-08-29 14:06:32,149 - INFO - Parsing product details from the HTML.
2025-08-29 14:06:32,684 - INFO - Fetching HTML for URL: https://carbon38.com/en-in/products/mock-neck-coreset-zip-top-caribou
2025-08-29 14:06:33,956 - INFO - Parsing product details from the HTML.
2025-08-29 14:06:34,361 - INFO - Fetching HTML for URL: https://carbon38.com/en-in/products/racer-high-neck-active-tank-in-diamond-compression-black
2025-08-29 14:06:35,497 - INFO - Parsing product details from the HTML.
2025-08-29 14:06:36,140 - INFO - Fetching HTML for URL: https://carbon38.com/en-in/products/asmc-cr-hoodie-black
2025-08-29 14:06:37,337 - INFO - Parsing product details from the HTML.
2025-08-29 14:06:37,802 - INFO - Fetching HTML for URL: https://carbon38.com/en-in/products/art-black
2025-08-29 14:06:38,934 - INFO - Parsing product details from the HTML.
2025-08-29 14:06:39,320 - INFO - Fetching HTML for URL: https://carbon38.com/en-in/products/long-sleeve-deep-v-ruffle-bodysuit-black
2025-08-29 14:06:41,125 - INFO - Parsing product details from the HTML.
2025-08-29 14:06:41,679 - INFO - Fetching HTML for URL: https://carbon38.com/en-in/products/toile-long-sleeve-top-toile-print
2025-08-29 14:06:42,511 - INFO - Parsing product details from the HTML.
2025-08-29 14:06:42,918 - INFO - Fetching HTML for URL: https://carbon38.com/en-in/products/toile-half-zip-toile-print
2025-08-29 14:06:43,608 - INFO - Parsing product details from the HTML.
2025-08-29 14:06:44,159 - INFO - Fetching HTML for URL: https://carbon38.com/en-in/products/u-cutline-hoodie-dark-blue
2025-08-29 14:06:45,242 - INFO - Parsing product details from the HTML.
2025-08-29 14:06:45,738 - INFO - Fetching HTML for URL: https://carbon38.com/en-in/products/crew-sweatshirt-navy-blazer
2025-08-29 14:06:46,741 - INFO - Parsing product details from the HTML.
2025-08-29 14:06:47,281 - INFO - Fetching HTML for URL: https://carbon38.com/en-in/products/asmc-track-top-desert-sand-smc-active-red
2025-08-29 14:06:48,009 - INFO - Parsing product details from the HTML.
2025-08-29 14:06:48,648 - INFO - Fetching HTML for URL: https://carbon38.com/en-in/products/orion-tank-top-sand
2025-08-29 14:06:49,406 - INFO - Parsing product details from the HTML.
2025-08-29 14:06:49,923 - INFO - Fetching HTML for URL: https://carbon38.com/en-in/products/oversized-raglan-sleeve-top-w-mesh-cappuccino
2025-08-29 14:06:50,783 - INFO - Parsing product details from the HTML.
2025-08-29 14:06:51,257 - INFO - Fetching HTML for URL: https://carbon38.com/en-in/products/asmc-high-neck-crop-top-bright-green-carbon
2025-08-29 14:06:52,110 - INFO - Parsing product details from the HTML.
2025-08-29 14:06:52,535 - INFO - Fetching HTML for URL: https://carbon38.com/en-in/products/t-shirt-white
2025-08-29 14:06:53,265 - INFO - Parsing product details from the HTML.
2025-08-29 14:06:53,708 - INFO - Fetching HTML for URL: https://carbon38.com/en-in/products/wide-scoop-bra-tank-white
2025-08-29 14:06:54,374 - INFO - Parsing product details from the HTML.
2025-08-29 14:06:54,791 - INFO - Fetching HTML for URL: https://carbon38.com/en-in/products/crew-sweatshirt-white
2025-08-29 14:06:55,796 - INFO - Parsing product details from the HTML.
2025-08-29 14:06:56,199 - INFO - Fetching HTML for URL: https://carbon38.com/en-in/products/open-knit-off-the-shoulder-sweater-navy
2025-08-29 14:06:57,025 - INFO - Parsing product details from the HTML.
2025-08-29 14:06:57,526 - INFO - Fetching HTML for URL: https://carbon38.com/en-in/products/bell-sleeve-off-shoulder-sweater-navy
2025-08-29 14:06:58,657 - INFO - Parsing product details from the HTML.
2025-08-29 14:06:59,108 - INFO - Fetching HTML for URL: https://carbon38.com/en-in/products/high-neck-fitted-tank-in-ribbed-jersey-navy
2025-08-29 14:06:59,805 - INFO - Parsing product details from the HTML.
2025-08-29 14:07:00,545 - INFO - Fetching HTML for URL: https://carbon38.com/en-in/products/long-sleeve-ruched-top-in-ribbed-jersey-navy
2025-08-29 14:07:01,451 - INFO - Parsing product details from the HTML.
2025-08-29 14:07:01,854 - INFO - Fetching HTML for URL: https://carbon38.com/en-in/products/cap-sleeve-ruched-top-in-ribbed-jersey-white
2025-08-29 14:07:02,621 - INFO - Parsing product details from the HTML.
2025-08-29 14:07:03,114 - INFO - Fetching HTML for URL: https://carbon38.com/en-in/products/ss-ruched-front-tee-white
2025-08-29 14:07:03,965 - INFO - Parsing product details from the HTML.
2025-08-29 14:07:04,373 - INFO - Fetching HTML for URL: https://carbon38.com/en-in/products/one-shoulder-tank-in-ribbed-jersey-white
2025-08-29 14:07:05,103 - INFO - Parsing product details from the HTML.
2025-08-29 14:07:05,588 - INFO - Fetching HTML for URL: https://carbon38.com/en-in/products/ex-boyfriend-le-sunshine-sweatshirt-white
2025-08-29 14:07:06,214 - INFO - Parsing product details from the HTML.
2025-08-29 14:07:06,606 - INFO - Fetching HTML for URL: https://carbon38.com/en-in/products/mock-neck-coreset-zip-top-white
2025-08-29 14:07:07,336 - INFO - Parsing product details from the HTML.
2025-08-29 14:07:07,739 - INFO - Fetching HTML for URL: https://carbon38.com/en-in/products/long-sleeve-wrap-top-in-ribbed-jersey-white
2025-08-29 14:07:08,363 - INFO - Parsing product details from the HTML.
2025-08-29 14:07:08,856 - INFO - Saving cleaned data to cleaned_data.txt.
2025-08-29 14:07:08,857 - INFO - Closing the session.
2025-08-29 14:13:35,721 - INFO - Starting the data mining process.
2025-08-29 14:13:35,721 - INFO - Fetching HTML for URL: https://carbon38.com/en-in/collections/tops
2025-08-29 14:13:36,978 - INFO - Saving raw HTML to raw.html.
2025-08-29 14:13:36,992 - INFO - Parsing product links from the HTML.
2025-08-29 14:13:38,199 - INFO - Saving product links to product_links.txt.
2025-08-29 14:13:38,200 - INFO - Reading lines from file: product_links.txt
2025-08-29 14:13:38,200 - INFO - Fetching HTML for URL: https://carbon38.com/en-in/products/double-layered-melt-tank-black-white
2025-08-29 14:13:39,518 - INFO - Parsing product details from the HTML.
2025-08-29 14:13:40,098 - INFO - Fetching HTML for URL: https://carbon38.com/en-in/products/high-neck-cut-out-colorblock-tank-black-white
2025-08-29 14:13:50,651 - ERROR - Connection error while trying to fetch https://carbon38.com/en-in/products/high-neck-cut-out-colorblock-tank-black-white
2025-08-29 14:13:50,655 - INFO - Fetching HTML for URL: https://carbon38.com/en-in/products/strappy-tank-in-melt-future-dusk
2025-08-29 14:13:53,833 - INFO - Parsing product details from the HTML.
2025-08-29 14:13:54,306 - INFO - Fetching HTML for URL: https://carbon38.com/en-in/products/high-neck-cut-out-colorblock-tank-future-dusk-matcha
2025-08-29 14:13:54,531 - INFO - Parsing product details from the HTML.
2025-08-29 14:13:54,924 - INFO - Fetching HTML for URL: https://carbon38.com/en-in/products/racer-high-neck-active-tank-in-diamond-compression-cloud-dancer
2025-08-29 14:13:55,198 - INFO - Parsing product details from the HTML.
2025-08-29 14:13:55,658 - INFO - Fetching HTML for URL: https://carbon38.com/en-in/products/court-crop-top-white
2025-08-29 14:13:55,850 - INFO - Parsing product details from the HTML.
2025-08-29 14:13:56,230 - INFO - Fetching HTML for URL: https://carbon38.com/en-in/products/crochet-log-sleeve-polo-top-ivory
2025-08-29 14:13:57,390 - INFO - Parsing product details from the HTML.
2025-08-29 14:13:57,879 - INFO - Fetching HTML for URL: https://carbon38.com/en-in/products/crochet-top-white-black
2025-08-29 14:13:58,114 - INFO - Parsing product details from the HTML.
2025-08-29 14:13:58,875 - INFO - Fetching HTML for URL: https://carbon38.com/en-in/products/marion-white
2025-08-29 14:13:59,128 - INFO - Parsing product details from the HTML.
2025-08-29 14:13:59,531 - INFO - Fetching HTML for URL: https://carbon38.com/en-in/products/resort-shirt-white
2025-08-29 14:13:59,762 - INFO - Parsing product details from the HTML.
2025-08-29 14:14:00,436 - INFO - Fetching HTML for URL: https://carbon38.com/en-in/products/linen-tie-puff-sleeve-top-white
2025-08-29 14:14:01,198 - INFO - Parsing product details from the HTML.
2025-08-29 14:14:01,608 - INFO - Fetching HTML for URL: https://carbon38.com/en-in/products/callum-knit-top-creme
2025-08-29 14:14:02,173 - INFO - Parsing product details from the HTML.
2025-08-29 14:14:02,696 - INFO - Fetching HTML for URL: https://carbon38.com/en-in/products/fitted-tank-white
2025-08-29 14:14:02,867 - INFO - Parsing product details from the HTML.
2025-08-29 14:14:03,263 - INFO - Fetching HTML for URL: https://carbon38.com/en-in/products/herskind-tshirt-white-red-logo
2025-08-29 14:14:03,662 - INFO - Parsing product details from the HTML.
2025-08-29 14:14:04,135 - INFO - Fetching HTML for URL: https://carbon38.com/en-in/products/sofia-peach
2025-08-29 14:14:04,583 - INFO - Parsing product details from the HTML.
2025-08-29 14:14:05,211 - INFO - Fetching HTML for URL: https://carbon38.com/en-in/products/asmc-crop-tee-desert-sand-smc
2025-08-29 14:14:05,803 - INFO - Parsing product details from the HTML.
2025-08-29 14:14:06,259 - INFO - Fetching HTML for URL: https://carbon38.com/en-in/products/crew-sweatshirt-chinchilla
2025-08-29 14:14:07,007 - INFO - Parsing product details from the HTML.
2025-08-29 14:14:07,639 - INFO - Fetching HTML for URL: https://carbon38.com/en-in/products/colorblock-scoop-tank-chinchilla-white
2025-08-29 14:14:07,800 - INFO - Parsing product details from the HTML.
2025-08-29 14:14:08,458 - INFO - Fetching HTML for URL: https://carbon38.com/en-in/products/crochet-off-shoulder-sweater-chinhilla
2025-08-29 14:14:08,872 - INFO - Parsing product details from the HTML.
2025-08-29 14:14:09,535 - INFO - Fetching HTML for URL: https://carbon38.com/en-in/products/wildwest-style-fringe-shirt-blue
2025-08-29 14:14:09,709 - INFO - Parsing product details from the HTML.
2025-08-29 14:14:10,326 - INFO - Fetching HTML for URL: https://carbon38.com/en-in/products/chambray-vest-medium-wash
2025-08-29 14:14:10,919 - INFO - Parsing product details from the HTML.
2025-08-29 14:14:11,537 - INFO - Fetching HTML for URL: https://carbon38.com/en-in/products/top-multi-blue
2025-08-29 14:14:12,218 - INFO - Parsing product details from the HTML.
2025-08-29 14:14:12,704 - INFO - Fetching HTML for URL: https://carbon38.com/en-in/products/summer-imperfect-heart-sweater-indigo-blue-white
2025-08-29 14:14:13,210 - INFO - Parsing product details from the HTML.
2025-08-29 14:14:13,666 - INFO - Fetching HTML for URL: https://carbon38.com/en-in/products/double-layered-melt-tank-sage-white
2025-08-29 14:14:14,481 - INFO - Parsing product details from the HTML.
2025-08-29 14:14:14,974 - INFO - Fetching HTML for URL: https://carbon38.com/en-in/products/kristy-rib-tank-top-white
2025-08-29 14:14:15,703 - INFO - Parsing product details from the HTML.
2025-08-29 14:14:16,150 - INFO - Fetching HTML for URL: https://carbon38.com/en-in/products/strappy-tank-in-melt-snow-leopard
2025-08-29 14:14:16,872 - INFO - Parsing product details from the HTML.
2025-08-29 14:14:17,492 - INFO - Fetching HTML for URL: https://carbon38.com/en-in/products/short-sleeve-collared-tennis-top-white-pastel-yellow
2025-08-29 14:14:18,077 - INFO - Parsing product details from the HTML.
2025-08-29 14:14:18,516 - INFO - Fetching HTML for URL: https://carbon38.com/en-in/products/studio-knit-long-t-crop-lilac-cosmos
2025-08-29 14:14:18,710 - INFO - Parsing product details from the HTML.
2025-08-29 14:14:19,159 - INFO - Fetching HTML for URL: https://carbon38.com/en-in/products/crewneck-sweatshirt-lotus
2025-08-29 14:14:19,420 - INFO - Parsing product details from the HTML.
2025-08-29 14:14:20,285 - INFO - Fetching HTML for URL: https://carbon38.com/en-in/products/jersey-tank-lotus
2025-08-29 14:14:20,455 - INFO - Parsing product details from the HTML.
2025-08-29 14:14:21,001 - INFO - Fetching HTML for URL: https://carbon38.com/en-in/products/colorblock-scoop-tank-rose-of-sharon-white
2025-08-29 14:14:21,224 - INFO - Parsing product details from the HTML.
2025-08-29 14:14:21,777 - INFO - Fetching HTML for URL: https://carbon38.com/en-in/products/long-racerback-tank-rose-of-sharon
2025-08-29 14:14:21,988 - INFO - Parsing product details from the HTML.
2025-08-29 14:14:22,441 - INFO - Fetching HTML for URL: https://carbon38.com/en-in/products/suke-love-lines-tee-white
2025-08-29 14:14:22,913 - INFO - Parsing product details from the HTML.
2025-08-29 14:14:23,430 - INFO - Fetching HTML for URL: https://carbon38.com/en-in/products/kr-long-sleeve-striped-tee-white-red
2025-08-29 14:14:23,990 - INFO - Parsing product details from the HTML.
2025-08-29 14:14:24,709 - INFO - Fetching HTML for URL: https://carbon38.com/en-in/products/asmc-truecasuals-cropped-sportswear-sweatshirt-active-red
2025-08-29 14:14:25,396 - INFO - Parsing product details from the HTML.
2025-08-29 14:14:25,850 - INFO - Fetching HTML for URL: https://carbon38.com/en-in/products/oversized-raglan-sleeve-hooded-cropped-top-w-mesh-tiger-red
2025-08-29 14:14:26,044 - INFO - Parsing product details from the HTML.
2025-08-29 14:14:26,575 - INFO - Fetching HTML for URL: https://carbon38.com/en-in/products/asmc-two-tone-zipped-crop-black-carbon
2025-08-29 14:14:26,768 - INFO - Parsing product details from the HTML.
2025-08-29 14:14:27,186 - INFO - Fetching HTML for URL: https://carbon38.com/en-in/products/asmc-mock-neck-sleeves-black
2025-08-29 14:14:27,886 - INFO - Parsing product details from the HTML.
2025-08-29 14:14:28,324 - INFO - Fetching HTML for URL: https://carbon38.com/en-in/products/boxy-crop-tee-black
2025-08-29 14:14:28,516 - INFO - Parsing product details from the HTML.
2025-08-29 14:14:28,916 - INFO - Fetching HTML for URL: https://carbon38.com/en-in/products/asmc-sportswear-cropped-hoodie-black
2025-08-29 14:14:29,133 - INFO - Parsing product details from the HTML.
2025-08-29 14:14:29,634 - INFO - Fetching HTML for URL: https://carbon38.com/en-in/products/kr-tank-cocoa
2025-08-29 14:14:30,400 - INFO - Parsing product details from the HTML.
2025-08-29 14:14:30,778 - INFO - Fetching HTML for URL: https://carbon38.com/en-in/products/mia-stripe-shirt-brown-white
2025-08-29 14:14:31,453 - INFO - Parsing product details from the HTML.
2025-08-29 14:14:31,943 - INFO - Fetching HTML for URL: https://carbon38.com/en-in/products/strappy-tank-in-melt-caribou
2025-08-29 14:14:32,463 - INFO - Parsing product details from the HTML.
2025-08-29 14:14:33,046 - INFO - Fetching HTML for URL: https://carbon38.com/en-in/products/gabrielle-knit-cape-creme
2025-08-29 14:14:33,934 - INFO - Parsing product details from the HTML.
2025-08-29 14:14:34,449 - INFO - Fetching HTML for URL: https://carbon38.com/en-in/products/canyon-freida-knit-fringe-top-natural
2025-08-29 14:14:34,618 - INFO - Parsing product details from the HTML.
2025-08-29 14:14:35,090 - INFO - Fetching HTML for URL: https://carbon38.com/en-in/products/sleeveless-slim-fit-cropped-top-asparagus
2025-08-29 14:14:35,491 - INFO - Parsing product details from the HTML.
2025-08-29 14:14:35,902 - INFO - Fetching HTML for URL: https://carbon38.com/en-in/products/asmc-truenature-golf-polo-shirt-halo-gold
