- updating  feasibility findings as per advised

- Daily Meet – Shared coding templates and discussed the feasibility task in detail

- Topic Covered – Reviewed and studied the shared script templates.

- feasibility task- first weber
given requirements
-------------------
Fields : 

profile_url
first_name
middle_name
last_name
image_url
office_name
address
description
languages
social
website
email
title
country
city
zipcode
state
agent_phone_numbers
office_phone_numbers
additional_fields

Additional info : 
Required the details of agents

data format
CSV

Frequency
Onetime

- topic covered - development scripst template learning(given)